<?xml version="1.0" encoding="UTF-8"?>
<!-- Generated by org.testng.reporters.JUnitReportReporter -->
<testsuite hostname="RAJAT" failures="0" tests="1" name="TestCases.LoginTest" time="21.743" errors="0" timestamp="2024-11-12T02:44:17 IST" skipped="0">
  <testcase classname="TestCases.LoginTest" name="testLogin" time="21.743"/>
  <system-out/>
</testsuite> <!-- TestCases.LoginTest -->
