<?xml version="1.0" encoding="UTF-8"?>
<!-- Generated by org.testng.reporters.JUnitReportReporter -->
<testsuite hostname="RAJAT" failures="0" tests="5" name="TestCases.FacebookLoginTest" time="47.972" errors="0" timestamp="2024-11-21T17:03:50 IST" skipped="0">
  <testcase classname="TestCases.FacebookLoginTest" name="testLogin" time="6.938"/>
  <system-out>
    <![CDATA[Test passed: testLogin]]>
  </system-out>
  <testcase classname="TestCases.FacebookLoginTest" name="testLogin" time="10.279"/>
  <system-out>
    <![CDATA[Test passed: testLogin]]>
  </system-out>
  <testcase classname="TestCases.FacebookLoginTest" name="testLogin" time="12.432"/>
  <system-out>
    <![CDATA[Test passed: testLogin]]>
  </system-out>
  <testcase classname="TestCases.FacebookLoginTest" name="testLogin" time="6.840"/>
  <system-out>
    <![CDATA[Test passed: testLogin]]>
  </system-out>
  <testcase classname="TestCases.FacebookLoginTest" name="testLogin" time="11.483"/>
  <system-out>
    <![CDATA[Test passed: testLogin]]>
  </system-out>
</testsuite> <!-- TestCases.FacebookLoginTest -->
